2022-04-20 18:42:21,781:DEBUG::
2022-04-20 18:42:21,781:DEBUG::====================================================================================================
2022-04-20 18:42:21,782:INFO::MODEL SERVING Section :: Logging Active
2022-04-20 18:42:21,782:DEBUG::
2022-04-20 18:43:22,424:DEBUG::
2022-04-20 18:43:22,425:DEBUG::====================================================================================================
2022-04-20 18:43:22,425:INFO::MODEL SERVING Section :: Logging Active
2022-04-20 18:43:22,426:DEBUG::
2022-04-20 18:43:56,225:DEBUG::
2022-04-20 18:43:56,226:DEBUG::====================================================================================================
2022-04-20 18:43:56,226:INFO::MODEL SERVING Section :: Logging Active
2022-04-20 18:43:56,229:DEBUG::
2022-04-20 18:44:51,334:DEBUG::
2022-04-20 18:44:51,334:DEBUG::====================================================================================================
2022-04-20 18:44:51,334:INFO::MODEL SERVING Section :: Logging Active
2022-04-20 18:44:51,335:DEBUG::
2022-04-20 18:45:07,983:DEBUG::
2022-04-20 18:45:07,983:DEBUG::====================================================================================================
2022-04-20 18:45:07,984:INFO::MODEL SERVING Section :: Logging Active
2022-04-20 18:45:07,984:DEBUG::
2022-04-20 18:46:44,335:DEBUG::
2022-04-20 18:46:44,335:DEBUG::====================================================================================================
2022-04-20 18:46:44,335:INFO::MODEL SERVING Section :: Logging Active
2022-04-20 18:46:44,336:DEBUG::
2022-04-20 18:50:35,400:DEBUG::
2022-04-20 18:50:35,404:DEBUG::====================================================================================================
2022-04-20 18:50:35,404:INFO::MODEL SERVING Section :: Logging Active
2022-04-20 18:50:35,404:DEBUG::
2022-04-20 18:50:59,618:DEBUG::
2022-04-20 18:50:59,619:DEBUG::====================================================================================================
2022-04-20 18:50:59,619:INFO::MODEL SERVING Section :: Logging Active
2022-04-20 18:50:59,619:DEBUG::
2022-04-20 22:53:54,069:DEBUG::
2022-04-20 22:53:54,069:DEBUG::====================================================================================================
2022-04-20 22:53:54,070:INFO::MODEL SERVING Section :: Logging Active
2022-04-20 22:53:54,070:DEBUG::
2022-04-20 23:18:50,278:DEBUG::
2022-04-20 23:18:50,280:DEBUG::====================================================================================================
2022-04-20 23:18:50,280:INFO::MODEL SERVING Section :: Logging Active
2022-04-20 23:18:50,280:DEBUG::
2022-04-20 23:19:27,341:DEBUG::
2022-04-20 23:19:27,342:DEBUG::====================================================================================================
2022-04-20 23:19:27,342:INFO::MODEL SERVING Section :: Logging Active
2022-04-20 23:19:27,342:DEBUG::
2022-04-20 23:22:27,916:DEBUG::
2022-04-20 23:22:27,920:DEBUG::====================================================================================================
2022-04-20 23:22:27,920:INFO::MODEL SERVING Section :: Logging Active
2022-04-20 23:22:27,921:DEBUG::
2022-04-20 23:23:22,942:DEBUG::
2022-04-20 23:23:22,943:DEBUG::====================================================================================================
2022-04-20 23:23:22,943:INFO::MODEL SERVING Section :: Logging Active
2022-04-20 23:23:22,943:DEBUG::
2022-04-20 23:25:57,669:DEBUG::
2022-04-20 23:25:57,671:DEBUG::====================================================================================================
2022-04-20 23:25:57,671:INFO::MODEL SERVING Section :: Logging Active
2022-04-20 23:25:57,671:DEBUG::
2022-04-20 23:28:28,473:DEBUG::
2022-04-20 23:28:28,474:DEBUG::====================================================================================================
2022-04-20 23:28:28,474:INFO::MODEL SERVING Section :: Logging Active
2022-04-20 23:28:28,474:DEBUG::
2022-04-20 23:32:33,811:DEBUG::
2022-04-20 23:32:33,815:DEBUG::====================================================================================================
2022-04-20 23:32:33,815:INFO::MODEL SERVING Section :: Logging Active
2022-04-20 23:32:33,815:DEBUG::
2022-04-20 23:36:23,990:DEBUG::
2022-04-20 23:36:23,990:DEBUG::====================================================================================================
2022-04-20 23:36:23,992:INFO::MODEL SERVING Section :: Logging Active
2022-04-20 23:36:23,993:DEBUG::
2022-04-20 23:36:42,401:DEBUG::
2022-04-20 23:36:42,401:DEBUG::====================================================================================================
2022-04-20 23:36:42,402:INFO::MODEL SERVING Section :: Logging Active
2022-04-20 23:36:42,402:DEBUG::
2022-04-20 23:38:15,431:DEBUG::
2022-04-20 23:38:15,432:DEBUG::====================================================================================================
2022-04-20 23:38:15,432:INFO::MODEL SERVING Section :: Logging Active
2022-04-20 23:38:15,432:DEBUG::
2022-04-20 23:38:39,559:DEBUG::
2022-04-20 23:38:39,563:DEBUG::====================================================================================================
2022-04-20 23:38:39,563:INFO::MODEL SERVING Section :: Logging Active
2022-04-20 23:38:39,563:DEBUG::
2022-04-21 00:38:27,529:DEBUG::
2022-04-21 00:38:27,529:DEBUG::====================================================================================================
2022-04-21 00:38:27,529:INFO::MODEL SERVING Section :: Logging Active
2022-04-21 00:38:27,530:DEBUG::
2022-04-21 00:41:49,950:DEBUG::
2022-04-21 00:41:49,951:DEBUG::====================================================================================================
2022-04-21 00:41:49,951:INFO::MODEL SERVING Section :: Logging Active
2022-04-21 00:41:49,952:DEBUG::
2022-04-21 01:20:57,962:DEBUG::
2022-04-21 01:20:57,962:DEBUG::====================================================================================================
2022-04-21 01:20:57,962:INFO::MODEL SERVING Section :: Logging Active
2022-04-21 01:20:57,962:DEBUG::
2022-04-21 01:21:09,619:DEBUG::
2022-04-21 01:21:09,619:DEBUG::====================================================================================================
2022-04-21 01:21:09,619:INFO::MODEL SERVING Section :: Logging Active
2022-04-21 01:21:09,620:DEBUG::
2022-04-21 01:57:14,503:DEBUG::
2022-04-21 01:57:14,503:DEBUG::====================================================================================================
2022-04-21 01:57:14,504:INFO::MODEL SERVING Section :: Logging Active
2022-04-21 01:57:14,504:DEBUG::
2022-04-21 01:57:18,210:DEBUG::
2022-04-21 01:57:18,210:DEBUG::====================================================================================================
2022-04-21 01:57:18,211:INFO::MODEL SERVING Section :: Logging Active
2022-04-21 01:57:18,211:DEBUG::
2022-04-21 01:57:27,169:DEBUG::
2022-04-21 01:57:27,169:DEBUG::====================================================================================================
2022-04-21 01:57:27,169:INFO::MODEL SERVING Section :: Logging Active
2022-04-21 01:57:27,170:DEBUG::
2022-04-21 01:57:49,829:DEBUG::
2022-04-21 01:57:49,830:DEBUG::====================================================================================================
2022-04-21 01:57:49,830:INFO::MODEL SERVING Section :: Logging Active
2022-04-21 01:57:49,830:DEBUG::
2022-04-21 01:59:23,232:DEBUG::
2022-04-21 01:59:23,232:DEBUG::====================================================================================================
2022-04-21 01:59:23,232:INFO::MODEL SERVING Section :: Logging Active
2022-04-21 01:59:23,233:DEBUG::
2022-04-21 02:06:07,254:DEBUG::
2022-04-21 02:06:07,254:DEBUG::====================================================================================================
2022-04-21 02:06:07,255:INFO::MODEL SERVING Section :: Logging Active
2022-04-21 02:06:07,255:DEBUG::
2022-04-21 02:10:46,068:DEBUG::
2022-04-21 02:10:46,068:DEBUG::====================================================================================================
2022-04-21 02:10:46,068:INFO::MODEL SERVING Section :: Logging Active
2022-04-21 02:10:46,069:DEBUG::
2022-04-21 02:12:25,950:DEBUG::
2022-04-21 02:12:25,951:DEBUG::====================================================================================================
2022-04-21 02:12:25,951:INFO::MODEL SERVING Section :: Logging Active
2022-04-21 02:12:25,951:DEBUG::
2022-04-21 02:12:54,952:DEBUG::
2022-04-21 02:12:54,952:DEBUG::====================================================================================================
2022-04-21 02:12:54,953:INFO::MODEL SERVING Section :: Logging Active
2022-04-21 02:12:54,953:DEBUG::
2022-04-21 02:13:06,198:DEBUG::
2022-04-21 02:13:06,198:DEBUG::====================================================================================================
2022-04-21 02:13:06,199:INFO::MODEL SERVING Section :: Logging Active
2022-04-21 02:13:06,199:DEBUG::
2022-04-21 02:13:33,794:DEBUG::
2022-04-21 02:13:33,794:DEBUG::====================================================================================================
2022-04-21 02:13:33,795:INFO::MODEL SERVING Section :: Logging Active
2022-04-21 02:13:33,795:DEBUG::
2022-04-21 02:16:24,474:DEBUG::
2022-04-21 02:16:24,475:DEBUG::====================================================================================================
2022-04-21 02:16:24,475:INFO::MODEL SERVING Section :: Logging Active
2022-04-21 02:16:24,475:DEBUG::
2022-04-21 02:19:26,851:DEBUG::
2022-04-21 02:19:26,851:DEBUG::====================================================================================================
2022-04-21 02:19:26,852:INFO::MODEL SERVING Section :: Logging Active
2022-04-21 02:19:26,852:DEBUG::
2022-04-21 23:25:46,633:DEBUG::
2022-04-21 23:25:46,633:DEBUG::====================================================================================================
2022-04-21 23:25:46,634:INFO::MODEL SERVING Section :: Logging Active
2022-04-21 23:25:46,634:DEBUG::
2022-04-21 23:25:57,009:DEBUG::
2022-04-21 23:25:57,010:DEBUG::====================================================================================================
2022-04-21 23:25:57,010:INFO::MODEL SERVING Section :: Logging Active
2022-04-21 23:25:57,011:DEBUG::
2022-04-21 23:59:23,489:DEBUG::
2022-04-21 23:59:23,490:DEBUG::====================================================================================================
2022-04-21 23:59:23,490:INFO::MODEL SERVING Section :: Logging Active
2022-04-21 23:59:23,490:DEBUG::
2022-04-21 23:59:40,207:DEBUG::
2022-04-21 23:59:40,207:DEBUG::====================================================================================================
2022-04-21 23:59:40,207:INFO::MODEL SERVING Section :: Logging Active
2022-04-21 23:59:40,208:DEBUG::
2022-04-22 00:00:28,499:DEBUG::
2022-04-22 00:00:28,499:DEBUG::====================================================================================================
2022-04-22 00:00:28,500:INFO::MODEL SERVING Section :: Logging Active
2022-04-22 00:00:28,500:DEBUG::
2022-04-22 00:00:32,745:DEBUG::
2022-04-22 00:00:32,746:DEBUG::====================================================================================================
2022-04-22 00:00:32,746:INFO::MODEL SERVING Section :: Logging Active
2022-04-22 00:00:32,746:DEBUG::
2022-04-22 00:06:18,446:DEBUG::
2022-04-22 00:06:18,447:DEBUG::====================================================================================================
2022-04-22 00:06:18,447:INFO::MODEL SERVING Section :: Logging Active
2022-04-22 00:06:18,448:DEBUG::
2022-04-22 00:08:10,669:DEBUG::
2022-04-22 00:08:10,670:DEBUG::====================================================================================================
2022-04-22 00:08:10,670:INFO::MODEL SERVING Section :: Logging Active
2022-04-22 00:08:10,671:DEBUG::
2022-04-22 00:12:33,874:DEBUG::
2022-04-22 00:12:33,875:DEBUG::====================================================================================================
2022-04-22 00:12:33,876:INFO::MODEL SERVING Section :: Logging Active
2022-04-22 00:12:33,877:DEBUG::
2022-04-22 00:13:28,643:DEBUG::
2022-04-22 00:13:28,644:DEBUG::====================================================================================================
2022-04-22 00:13:28,644:INFO::MODEL SERVING Section :: Logging Active
2022-04-22 00:13:28,645:DEBUG::
2022-04-22 00:15:07,502:DEBUG::
2022-04-22 00:15:07,503:DEBUG::====================================================================================================
2022-04-22 00:15:07,503:INFO::MODEL SERVING Section :: Logging Active
2022-04-22 00:15:07,504:DEBUG::
2022-04-22 00:25:06,698:DEBUG::
2022-04-22 00:25:06,698:DEBUG::====================================================================================================
2022-04-22 00:25:06,698:INFO::MODEL SERVING Section :: Logging Active
2022-04-22 00:25:06,699:DEBUG::
2022-04-22 00:27:22,902:DEBUG::
2022-04-22 00:27:22,902:DEBUG::====================================================================================================
2022-04-22 00:27:22,902:INFO::MODEL SERVING Section :: Logging Active
2022-04-22 00:27:22,903:DEBUG::
2022-04-22 00:30:57,866:DEBUG::
2022-04-22 00:30:57,866:DEBUG::====================================================================================================
2022-04-22 00:30:57,867:INFO::MODEL SERVING Section :: Logging Active
2022-04-22 00:30:57,867:DEBUG::
2022-04-22 00:31:05,161:DEBUG::
2022-04-22 00:31:05,161:DEBUG::====================================================================================================
2022-04-22 00:31:05,162:INFO::MODEL SERVING Section :: Logging Active
2022-04-22 00:31:05,162:DEBUG::
2022-04-22 00:31:18,847:DEBUG::
2022-04-22 00:31:18,847:DEBUG::====================================================================================================
2022-04-22 00:31:18,847:INFO::MODEL SERVING Section :: Logging Active
2022-04-22 00:31:18,848:DEBUG::
2022-04-22 00:32:28,740:DEBUG::
2022-04-22 00:32:28,740:DEBUG::====================================================================================================
2022-04-22 00:32:28,741:INFO::MODEL SERVING Section :: Logging Active
2022-04-22 00:32:28,741:DEBUG::
2022-04-22 00:42:39,260:DEBUG::
2022-04-22 00:42:39,260:DEBUG::====================================================================================================
2022-04-22 00:42:39,261:INFO::MODEL SERVING Section :: Logging Active
2022-04-22 00:42:39,261:DEBUG::
2022-04-22 00:45:07,446:DEBUG::
2022-04-22 00:45:07,446:DEBUG::====================================================================================================
2022-04-22 00:45:07,446:INFO::MODEL SERVING Section :: Logging Active
2022-04-22 00:45:07,447:DEBUG::
2022-04-22 00:47:36,206:DEBUG::
2022-04-22 00:47:36,207:DEBUG::====================================================================================================
2022-04-22 00:47:36,207:INFO::MODEL SERVING Section :: Logging Active
2022-04-22 00:47:36,207:DEBUG::
2022-04-22 00:49:56,310:DEBUG::
2022-04-22 00:49:56,310:DEBUG::====================================================================================================
2022-04-22 00:49:56,311:INFO::MODEL SERVING Section :: Logging Active
2022-04-22 00:49:56,311:DEBUG::
2022-04-22 00:50:03,067:DEBUG::
2022-04-22 00:50:03,068:DEBUG::====================================================================================================
2022-04-22 00:50:03,068:INFO::MODEL SERVING Section :: Logging Active
2022-04-22 00:50:03,069:DEBUG::
2022-04-22 00:50:09,191:DEBUG::
2022-04-22 00:50:09,191:DEBUG::====================================================================================================
2022-04-22 00:50:09,192:INFO::MODEL SERVING Section :: Logging Active
2022-04-22 00:50:09,192:DEBUG::
2022-04-22 02:05:34,879:DEBUG::
2022-04-22 02:05:34,880:DEBUG::====================================================================================================
2022-04-22 02:05:34,880:INFO::App Backend :: Logging Active
2022-04-22 02:05:34,881:DEBUG::
2022-04-22 02:05:41,434:DEBUG::
2022-04-22 02:05:41,434:DEBUG::====================================================================================================
2022-04-22 02:05:41,435:INFO::App Backend :: Logging Active
2022-04-22 02:05:41,435:DEBUG::
2022-04-22 02:05:50,924:DEBUG::
2022-04-22 02:05:50,925:DEBUG::====================================================================================================
2022-04-22 02:05:50,925:INFO::App Backend :: Logging Active
2022-04-22 02:05:50,925:DEBUG::
2022-04-22 02:05:55,084:DEBUG::
2022-04-22 02:05:55,085:DEBUG::====================================================================================================
2022-04-22 02:05:55,085:INFO::App Backend :: Logging Active
2022-04-22 02:05:55,086:DEBUG::
2022-04-22 02:06:06,494:DEBUG::
2022-04-22 02:06:06,495:DEBUG::====================================================================================================
2022-04-22 02:06:06,495:INFO::App Backend :: Logging Active
2022-04-22 02:06:06,496:DEBUG::
2022-04-22 02:11:06,658:DEBUG::
2022-04-22 02:11:06,659:DEBUG::====================================================================================================
2022-04-22 02:11:06,659:INFO::App Backend :: Logging Active
2022-04-22 02:11:06,659:DEBUG::
2022-04-22 02:19:37,001:DEBUG::
2022-04-22 02:19:37,002:DEBUG::====================================================================================================
2022-04-22 02:19:37,002:INFO::App Backend :: Logging Active
2022-04-22 02:19:37,002:DEBUG::
2022-04-22 02:21:02,899:DEBUG::
2022-04-22 02:21:02,899:DEBUG::====================================================================================================
2022-04-22 02:21:02,899:INFO::App Backend :: Logging Active
2022-04-22 02:21:02,900:DEBUG::
2022-04-22 02:21:07,573:DEBUG::
2022-04-22 02:21:07,574:DEBUG::====================================================================================================
2022-04-22 02:21:07,574:INFO::App Backend :: Logging Active
2022-04-22 02:21:07,574:DEBUG::
2022-04-22 02:21:27,545:DEBUG::
2022-04-22 02:21:27,546:DEBUG::====================================================================================================
2022-04-22 02:21:27,546:INFO::App Backend :: Logging Active
2022-04-22 02:21:27,546:DEBUG::
2022-04-22 02:22:47,927:DEBUG::
2022-04-22 02:22:47,927:DEBUG::====================================================================================================
2022-04-22 02:22:47,927:INFO::App Backend :: Logging Active
2022-04-22 02:22:47,928:DEBUG::
2022-04-22 02:29:18,836:DEBUG::
2022-04-22 02:29:18,836:DEBUG::====================================================================================================
2022-04-22 02:29:18,836:INFO::App Backend :: Logging Active
2022-04-22 02:29:18,837:DEBUG::
2022-04-22 02:30:21,041:DEBUG::
2022-04-22 02:30:21,041:DEBUG::====================================================================================================
2022-04-22 02:30:21,042:INFO::App Backend :: Logging Active
2022-04-22 02:30:21,043:DEBUG::
2022-04-22 02:33:32,964:DEBUG::
2022-04-22 02:33:32,965:DEBUG::====================================================================================================
2022-04-22 02:33:32,965:INFO::App Backend :: Logging Active
2022-04-22 02:33:32,965:DEBUG::
2022-04-22 02:34:52,848:DEBUG::
2022-04-22 02:34:52,848:DEBUG::====================================================================================================
2022-04-22 02:34:52,849:INFO::App Backend :: Logging Active
2022-04-22 02:34:52,849:DEBUG::
2022-04-22 02:37:05,041:DEBUG::
2022-04-22 02:37:05,041:DEBUG::====================================================================================================
2022-04-22 02:37:05,042:INFO::App Backend :: Logging Active
2022-04-22 02:37:05,042:DEBUG::
2022-04-22 02:38:00,239:DEBUG::
2022-04-22 02:38:00,239:DEBUG::====================================================================================================
2022-04-22 02:38:00,240:INFO::App Backend :: Logging Active
2022-04-22 02:38:00,240:DEBUG::
2022-04-22 02:39:10,392:DEBUG::
2022-04-22 02:39:10,392:DEBUG::====================================================================================================
2022-04-22 02:39:10,392:INFO::App Backend :: Logging Active
2022-04-22 02:39:10,393:DEBUG::
2022-04-22 02:40:41,281:DEBUG::
2022-04-22 02:40:41,282:DEBUG::====================================================================================================
2022-04-22 02:40:41,282:INFO::App Backend :: Logging Active
2022-04-22 02:40:41,283:DEBUG::
2022-04-22 02:43:47,424:DEBUG::
2022-04-22 02:43:47,425:DEBUG::====================================================================================================
2022-04-22 02:43:47,425:INFO::App Backend :: Logging Active
2022-04-22 02:43:47,426:DEBUG::
2022-04-22 02:46:53,135:DEBUG::
2022-04-22 02:46:53,136:DEBUG::====================================================================================================
2022-04-22 02:46:53,136:INFO::App Backend :: Logging Active
2022-04-22 02:46:53,137:DEBUG::
2022-04-22 03:19:34,743:DEBUG::
2022-04-22 03:19:34,743:DEBUG::====================================================================================================
2022-04-22 03:19:34,744:INFO::App Backend :: Logging Active
2022-04-22 03:19:34,744:DEBUG::
2022-04-22 10:45:48,900:DEBUG::
2022-04-22 10:45:48,900:DEBUG::====================================================================================================
2022-04-22 10:45:48,901:INFO::App Backend :: Logging Active
2022-04-22 10:45:48,901:DEBUG::
2022-04-22 10:45:59,728:DEBUG::
2022-04-22 10:45:59,729:DEBUG::====================================================================================================
2022-04-22 10:45:59,729:INFO::App Backend :: Logging Active
2022-04-22 10:45:59,729:DEBUG::
2022-04-22 10:46:03,000:DEBUG::
2022-04-22 10:46:03,001:DEBUG::====================================================================================================
2022-04-22 10:46:03,002:INFO::App Backend :: Logging Active
2022-04-22 10:46:03,002:DEBUG::
2022-04-22 10:46:23,019:DEBUG::
2022-04-22 10:46:23,019:DEBUG::====================================================================================================
2022-04-22 10:46:23,019:INFO::App Backend :: Logging Active
2022-04-22 10:46:23,020:DEBUG::
2022-04-22 10:52:55,654:DEBUG::
2022-04-22 10:52:55,654:DEBUG::====================================================================================================
2022-04-22 10:52:55,655:INFO::App Backend :: Logging Active
2022-04-22 10:52:55,655:DEBUG::
2022-04-22 11:06:21,412:DEBUG::
2022-04-22 11:06:21,412:DEBUG::====================================================================================================
2022-04-22 11:06:21,413:INFO::App Backend :: Logging Active
2022-04-22 11:06:21,413:DEBUG::
2022-04-22 11:15:49,486:DEBUG::
2022-04-22 11:15:49,486:DEBUG::====================================================================================================
2022-04-22 11:15:49,486:INFO::App Backend :: Logging Active
2022-04-22 11:15:49,487:DEBUG::
2022-04-22 11:16:19,409:DEBUG::
2022-04-22 11:16:19,409:DEBUG::====================================================================================================
2022-04-22 11:16:19,409:INFO::App Backend :: Logging Active
2022-04-22 11:16:19,410:DEBUG::
2022-04-22 11:43:47,812:DEBUG::
2022-04-22 11:43:47,813:DEBUG::====================================================================================================
2022-04-22 11:43:47,813:INFO::App Backend :: Logging Active
2022-04-22 11:43:47,813:DEBUG::
2022-04-22 11:43:52,216:DEBUG::
2022-04-22 11:43:52,217:DEBUG::====================================================================================================
2022-04-22 11:43:52,217:INFO::App Backend :: Logging Active
2022-04-22 11:43:52,218:DEBUG::
2022-04-22 11:53:14,659:DEBUG::
2022-04-22 11:53:14,659:DEBUG::====================================================================================================
2022-04-22 11:53:14,660:INFO::App Backend :: Logging Active
2022-04-22 11:53:14,660:DEBUG::
2022-04-22 11:53:18,273:DEBUG::
2022-04-22 11:53:18,273:DEBUG::====================================================================================================
2022-04-22 11:53:18,273:INFO::App Backend :: Logging Active
2022-04-22 11:53:18,274:DEBUG::
2022-04-22 12:01:20,621:DEBUG::
2022-04-22 12:01:20,622:DEBUG::====================================================================================================
2022-04-22 12:01:20,623:INFO::App Backend :: Logging Active
2022-04-22 12:01:20,624:DEBUG::
2022-04-22 12:26:07,208:DEBUG::
2022-04-22 12:26:07,208:DEBUG::====================================================================================================
2022-04-22 12:26:07,208:INFO::App Backend :: Logging Active
2022-04-22 12:26:07,209:DEBUG::
2022-04-22 15:16:03,283:DEBUG::
2022-04-22 15:16:03,283:DEBUG::====================================================================================================
2022-04-22 15:16:03,284:INFO::App Backend :: Logging Active
2022-04-22 15:16:03,284:DEBUG::
2022-04-22 15:18:23,250:DEBUG::
2022-04-22 15:18:23,250:DEBUG::====================================================================================================
2022-04-22 15:18:23,250:INFO::App Backend :: Logging Active
2022-04-22 15:18:23,251:DEBUG::
2022-04-22 15:34:34,595:DEBUG::
2022-04-22 15:34:34,596:DEBUG::====================================================================================================
2022-04-22 15:34:34,597:INFO::App Backend :: Logging Active
2022-04-22 15:34:34,598:DEBUG::
2022-04-22 15:39:01,730:DEBUG::
2022-04-22 15:39:01,730:DEBUG::====================================================================================================
2022-04-22 15:39:01,731:INFO::App Backend :: Logging Active
2022-04-22 15:39:01,731:DEBUG::
2022-04-22 15:44:12,742:DEBUG::
2022-04-22 15:44:12,742:DEBUG::====================================================================================================
2022-04-22 15:44:12,742:INFO::App Backend :: Logging Active
2022-04-22 15:44:12,743:DEBUG::
2022-04-22 15:44:17,977:ERROR::Error In Admin Edit Product: 400 Bad Request: The browser (or proxy) sent a request that this server could not understand.
2022-04-22 15:46:07,158:ERROR::Error In Admin Edit Product: local variable 'product_is_available' referenced before assignment
2022-04-22 15:46:38,020:DEBUG::
2022-04-22 15:46:38,021:DEBUG::====================================================================================================
2022-04-22 15:46:38,021:INFO::App Backend :: Logging Active
2022-04-22 15:46:38,022:DEBUG::
2022-04-22 15:49:42,277:DEBUG::
2022-04-22 15:49:42,278:DEBUG::====================================================================================================
2022-04-22 15:49:42,278:INFO::App Backend :: Logging Active
2022-04-22 15:49:42,280:DEBUG::
2022-04-22 15:56:35,836:DEBUG::
2022-04-22 15:56:35,837:DEBUG::====================================================================================================
2022-04-22 15:56:35,838:INFO::App Backend :: Logging Active
2022-04-22 15:56:35,839:DEBUG::
2022-04-22 16:02:43,787:DEBUG::
2022-04-22 16:02:43,787:DEBUG::====================================================================================================
2022-04-22 16:02:43,788:INFO::App Backend :: Logging Active
2022-04-22 16:02:43,788:DEBUG::
2022-04-22 16:07:09,620:DEBUG::
2022-04-22 16:07:09,620:DEBUG::====================================================================================================
2022-04-22 16:07:09,620:INFO::App Backend :: Logging Active
2022-04-22 16:07:09,621:DEBUG::
2022-04-22 16:09:24,440:DEBUG::
2022-04-22 16:09:24,440:DEBUG::====================================================================================================
2022-04-22 16:09:24,441:INFO::App Backend :: Logging Active
2022-04-22 16:09:24,441:DEBUG::
2022-04-22 16:10:12,305:DEBUG::
2022-04-22 16:10:12,305:DEBUG::====================================================================================================
2022-04-22 16:10:12,306:INFO::App Backend :: Logging Active
2022-04-22 16:10:12,306:DEBUG::
2022-04-22 16:18:06,959:DEBUG::
2022-04-22 16:18:06,960:DEBUG::====================================================================================================
2022-04-22 16:18:06,960:INFO::App Backend :: Logging Active
2022-04-22 16:18:06,961:DEBUG::
2022-04-22 16:18:24,269:DEBUG::
2022-04-22 16:18:24,270:DEBUG::====================================================================================================
2022-04-22 16:18:24,272:INFO::App Backend :: Logging Active
2022-04-22 16:18:24,274:DEBUG::
2022-04-22 21:22:03,948:DEBUG::
2022-04-22 21:22:03,948:DEBUG::====================================================================================================
2022-04-22 21:22:03,949:INFO::App Backend :: Logging Active
2022-04-22 21:22:03,949:DEBUG::
2022-04-22 21:32:37,234:DEBUG::
2022-04-22 21:32:37,234:DEBUG::====================================================================================================
2022-04-22 21:32:37,235:INFO::App Backend :: Logging Active
2022-04-22 21:32:37,235:DEBUG::
2022-04-22 21:33:07,757:DEBUG::
2022-04-22 21:33:07,759:DEBUG::====================================================================================================
2022-04-22 21:33:07,759:INFO::App Backend :: Logging Active
2022-04-22 21:33:07,759:DEBUG::
2022-04-22 22:06:19,200:DEBUG::
2022-04-22 22:06:19,200:DEBUG::====================================================================================================
2022-04-22 22:06:19,201:INFO::App Backend :: Logging Active
2022-04-22 22:06:19,201:DEBUG::
2022-04-22 22:07:34,977:DEBUG::
2022-04-22 22:07:34,977:DEBUG::====================================================================================================
2022-04-22 22:07:34,978:INFO::App Backend :: Logging Active
2022-04-22 22:07:34,978:DEBUG::
2022-04-22 22:08:23,735:DEBUG::
2022-04-22 22:08:23,736:DEBUG::====================================================================================================
2022-04-22 22:08:23,736:INFO::App Backend :: Logging Active
2022-04-22 22:08:23,737:DEBUG::
2022-04-22 22:09:05,384:DEBUG::
2022-04-22 22:09:05,384:DEBUG::====================================================================================================
2022-04-22 22:09:05,385:INFO::App Backend :: Logging Active
2022-04-22 22:09:05,385:DEBUG::
2022-04-22 22:10:24,503:DEBUG::
2022-04-22 22:10:24,504:DEBUG::====================================================================================================
2022-04-22 22:10:24,504:INFO::App Backend :: Logging Active
2022-04-22 22:10:24,504:DEBUG::
2022-04-22 22:14:54,225:DEBUG::
2022-04-22 22:14:54,225:DEBUG::====================================================================================================
2022-04-22 22:14:54,226:INFO::App Backend :: Logging Active
2022-04-22 22:14:54,226:DEBUG::
2022-04-22 22:26:09,984:DEBUG::
2022-04-22 22:26:09,984:DEBUG::====================================================================================================
2022-04-22 22:26:09,985:INFO::App Backend :: Logging Active
2022-04-22 22:26:09,985:DEBUG::
2022-04-22 22:45:09,172:DEBUG::
2022-04-22 22:45:09,172:DEBUG::====================================================================================================
2022-04-22 22:45:09,173:INFO::App Backend :: Logging Active
2022-04-22 22:45:09,173:DEBUG::
2022-04-22 22:46:02,461:DEBUG::
2022-04-22 22:46:02,462:DEBUG::====================================================================================================
2022-04-22 22:46:02,462:INFO::App Backend :: Logging Active
2022-04-22 22:46:02,463:DEBUG::
2022-04-22 22:46:30,168:DEBUG::
2022-04-22 22:46:30,169:DEBUG::====================================================================================================
2022-04-22 22:46:30,169:INFO::App Backend :: Logging Active
2022-04-22 22:46:30,169:DEBUG::
2022-04-22 22:47:28,826:DEBUG::
2022-04-22 22:47:28,827:DEBUG::====================================================================================================
2022-04-22 22:47:28,827:INFO::App Backend :: Logging Active
2022-04-22 22:47:28,828:DEBUG::
2022-04-22 22:58:58,693:DEBUG::
2022-04-22 22:58:58,694:DEBUG::====================================================================================================
2022-04-22 22:58:58,694:INFO::App Backend :: Logging Active
2022-04-22 22:58:58,694:DEBUG::
2022-04-23 00:02:23,523:DEBUG::
2022-04-23 00:02:23,523:DEBUG::====================================================================================================
2022-04-23 00:02:23,523:INFO::App Backend :: Logging Active
2022-04-23 00:02:23,524:DEBUG::
2022-04-23 00:02:34,516:DEBUG::
2022-04-23 00:02:34,517:DEBUG::====================================================================================================
2022-04-23 00:02:34,517:INFO::App Backend :: Logging Active
2022-04-23 00:02:34,518:DEBUG::
2022-04-23 00:02:43,243:DEBUG::
2022-04-23 00:02:43,243:DEBUG::====================================================================================================
2022-04-23 00:02:43,244:INFO::App Backend :: Logging Active
2022-04-23 00:02:43,244:DEBUG::
2022-04-23 00:15:06,715:DEBUG::
2022-04-23 00:15:06,715:DEBUG::====================================================================================================
2022-04-23 00:15:06,716:INFO::App Backend :: Logging Active
2022-04-23 00:15:06,716:DEBUG::
2022-04-23 00:15:27,279:DEBUG::
2022-04-23 00:15:27,279:DEBUG::====================================================================================================
2022-04-23 00:15:27,279:INFO::App Backend :: Logging Active
2022-04-23 00:15:27,280:DEBUG::
2022-04-23 00:18:20,006:DEBUG::
2022-04-23 00:18:20,007:DEBUG::====================================================================================================
2022-04-23 00:18:20,007:INFO::App Backend :: Logging Active
2022-04-23 00:18:20,007:DEBUG::
2022-04-23 16:46:37,837:DEBUG::
2022-04-23 16:46:37,837:DEBUG::====================================================================================================
2022-04-23 16:46:37,837:INFO::App Backend :: Logging Active
2022-04-23 16:46:37,838:DEBUG::
2022-04-26 19:53:51,942:DEBUG::
2022-04-26 19:53:51,942:DEBUG::====================================================================================================
2022-04-26 19:53:51,943:INFO::App Backend :: Logging Active
2022-04-26 19:53:51,943:DEBUG::
2022-04-26 20:03:56,606:DEBUG::
2022-04-26 20:03:56,606:DEBUG::====================================================================================================
2022-04-26 20:03:56,606:INFO::App Backend :: Logging Active
2022-04-26 20:03:56,607:DEBUG::
2022-04-26 20:05:53,765:DEBUG::
2022-04-26 20:05:53,765:DEBUG::====================================================================================================
2022-04-26 20:05:53,766:INFO::App Backend :: Logging Active
2022-04-26 20:05:53,766:DEBUG::
2022-04-26 20:06:04,494:DEBUG::
2022-04-26 20:06:04,494:DEBUG::====================================================================================================
2022-04-26 20:06:04,494:INFO::App Backend :: Logging Active
2022-04-26 20:06:04,495:DEBUG::
2022-04-26 20:06:19,141:DEBUG::
2022-04-26 20:06:19,141:DEBUG::====================================================================================================
2022-04-26 20:06:19,141:INFO::App Backend :: Logging Active
2022-04-26 20:06:19,142:DEBUG::
2022-04-26 20:13:43,422:DEBUG::
2022-04-26 20:13:43,422:DEBUG::====================================================================================================
2022-04-26 20:13:43,423:INFO::App Backend :: Logging Active
2022-04-26 20:13:43,423:DEBUG::
2022-04-26 20:16:15,109:DEBUG::
2022-04-26 20:16:15,110:DEBUG::====================================================================================================
2022-04-26 20:16:15,110:INFO::App Backend :: Logging Active
2022-04-26 20:16:15,110:DEBUG::
2022-04-27 00:13:00,583:DEBUG::
2022-04-27 00:13:00,583:DEBUG::====================================================================================================
2022-04-27 00:13:00,583:INFO::App Backend :: Logging Active
2022-04-27 00:13:00,584:DEBUG::
2022-04-27 05:31:09,821:DEBUG::
2022-04-27 05:31:09,821:DEBUG::====================================================================================================
2022-04-27 05:31:09,821:INFO::App Backend :: Logging Active
2022-04-27 05:31:09,822:DEBUG::
2022-04-27 06:00:06,090:DEBUG::
2022-04-27 06:00:06,090:DEBUG::====================================================================================================
2022-04-27 06:00:06,091:INFO::App Backend :: Logging Active
2022-04-27 06:00:06,091:DEBUG::
2022-04-27 06:02:36,611:DEBUG::
2022-04-27 06:02:36,611:DEBUG::====================================================================================================
2022-04-27 06:02:36,612:INFO::App Backend :: Logging Active
2022-04-27 06:02:36,612:DEBUG::
2022-04-27 06:04:02,828:DEBUG::
2022-04-27 06:04:02,828:DEBUG::====================================================================================================
2022-04-27 06:04:02,829:INFO::App Backend :: Logging Active
2022-04-27 06:04:02,829:DEBUG::
2022-04-27 06:04:53,903:DEBUG::
2022-04-27 06:04:53,903:DEBUG::====================================================================================================
2022-04-27 06:04:53,904:INFO::App Backend :: Logging Active
2022-04-27 06:04:53,904:DEBUG::
2022-04-27 06:06:52,318:DEBUG::
2022-04-27 06:06:52,318:DEBUG::====================================================================================================
2022-04-27 06:06:52,319:INFO::App Backend :: Logging Active
2022-04-27 06:06:52,319:DEBUG::
2022-04-27 06:07:52,525:DEBUG::
2022-04-27 06:07:52,525:DEBUG::====================================================================================================
2022-04-27 06:07:52,526:INFO::App Backend :: Logging Active
2022-04-27 06:07:52,526:DEBUG::
2022-04-27 06:09:34,245:DEBUG::
2022-04-27 06:09:34,246:DEBUG::====================================================================================================
2022-04-27 06:09:34,246:INFO::App Backend :: Logging Active
2022-04-27 06:09:34,246:DEBUG::
2022-04-27 06:10:52,965:DEBUG::
2022-04-27 06:10:52,966:DEBUG::====================================================================================================
2022-04-27 06:10:52,966:INFO::App Backend :: Logging Active
2022-04-27 06:10:52,967:DEBUG::
2022-04-27 06:12:33,990:DEBUG::
2022-04-27 06:12:33,991:DEBUG::====================================================================================================
2022-04-27 06:12:33,991:INFO::App Backend :: Logging Active
2022-04-27 06:12:33,991:DEBUG::
2022-04-27 06:34:27,518:DEBUG::
2022-04-27 06:34:27,519:DEBUG::====================================================================================================
2022-04-27 06:34:27,519:INFO::App Backend :: Logging Active
2022-04-27 06:34:27,520:DEBUG::
2022-04-27 06:41:12,957:DEBUG::
2022-04-27 06:41:12,957:DEBUG::====================================================================================================
2022-04-27 06:41:12,957:INFO::App Backend :: Logging Active
2022-04-27 06:41:12,958:DEBUG::
2022-04-27 06:43:58,076:DEBUG::
2022-04-27 06:43:58,076:DEBUG::====================================================================================================
2022-04-27 06:43:58,077:INFO::App Backend :: Logging Active
2022-04-27 06:43:58,077:DEBUG::
2022-04-27 14:18:45,464:DEBUG::
2022-04-27 14:18:45,464:DEBUG::====================================================================================================
2022-04-27 14:18:45,465:INFO::App Backend :: Logging Active
2022-04-27 14:18:45,465:DEBUG::
2022-04-27 14:23:59,808:DEBUG::
2022-04-27 14:23:59,809:DEBUG::====================================================================================================
2022-04-27 14:23:59,809:INFO::App Backend :: Logging Active
2022-04-27 14:23:59,809:DEBUG::
2022-04-27 14:25:50,464:DEBUG::
2022-04-27 14:25:50,464:DEBUG::====================================================================================================
2022-04-27 14:25:50,464:INFO::App Backend :: Logging Active
2022-04-27 14:25:50,465:DEBUG::
2022-04-27 14:27:11,542:DEBUG::
2022-04-27 14:27:11,543:DEBUG::====================================================================================================
2022-04-27 14:27:11,543:INFO::App Backend :: Logging Active
2022-04-27 14:27:11,544:DEBUG::
2022-04-27 14:31:52,195:DEBUG::
2022-04-27 14:31:52,196:DEBUG::====================================================================================================
2022-04-27 14:31:52,196:INFO::App Backend :: Logging Active
2022-04-27 14:31:52,197:DEBUG::
2022-04-27 14:32:58,811:DEBUG::
2022-04-27 14:32:58,811:DEBUG::====================================================================================================
2022-04-27 14:32:58,811:INFO::App Backend :: Logging Active
2022-04-27 14:32:58,812:DEBUG::
2022-04-27 14:38:19,497:DEBUG::
2022-04-27 14:38:19,497:DEBUG::====================================================================================================
2022-04-27 14:38:19,498:INFO::App Backend :: Logging Active
2022-04-27 14:38:19,498:DEBUG::
2022-04-27 14:48:49,726:DEBUG::
2022-04-27 14:48:49,726:DEBUG::====================================================================================================
2022-04-27 14:48:49,726:INFO::App Backend :: Logging Active
2022-04-27 14:48:49,727:DEBUG::
2022-04-27 14:52:23,792:DEBUG::
2022-04-27 14:52:23,793:DEBUG::====================================================================================================
2022-04-27 14:52:23,793:INFO::App Backend :: Logging Active
2022-04-27 14:52:23,794:DEBUG::
2022-04-27 15:39:21,571:DEBUG::
2022-04-27 15:39:21,571:DEBUG::====================================================================================================
2022-04-27 15:39:21,572:INFO::App Backend :: Logging Active
2022-04-27 15:39:21,572:DEBUG::
2022-04-27 16:19:37,547:DEBUG::
2022-04-27 16:19:37,547:DEBUG::====================================================================================================
2022-04-27 16:19:37,548:INFO::App Backend :: Logging Active
2022-04-27 16:19:37,548:DEBUG::
2022-04-27 16:20:27,841:DEBUG::
2022-04-27 16:20:27,841:DEBUG::====================================================================================================
2022-04-27 16:20:27,841:INFO::App Backend :: Logging Active
2022-04-27 16:20:27,842:DEBUG::
2022-04-27 16:55:09,878:DEBUG::
2022-04-27 16:55:09,879:DEBUG::====================================================================================================
2022-04-27 16:55:09,879:INFO::App Backend :: Logging Active
2022-04-27 16:55:09,879:DEBUG::
2022-04-27 18:14:51,447:DEBUG::
2022-04-27 18:14:51,447:DEBUG::====================================================================================================
2022-04-27 18:14:51,448:INFO::App Backend :: Logging Active
2022-04-27 18:14:51,448:DEBUG::
2022-05-02 00:26:06,767:DEBUG::
2022-05-02 00:26:06,767:DEBUG::====================================================================================================
2022-05-02 00:26:06,767:INFO::App Backend :: Logging Active
2022-05-02 00:26:06,768:DEBUG::
2022-05-02 00:26:57,729:DEBUG::
2022-05-02 00:26:57,730:DEBUG::====================================================================================================
2022-05-02 00:26:57,730:INFO::App Backend :: Logging Active
2022-05-02 00:26:57,731:DEBUG::
2022-05-02 00:28:47,750:DEBUG::
2022-05-02 00:28:47,750:DEBUG::====================================================================================================
2022-05-02 00:28:47,751:INFO::App Backend :: Logging Active
2022-05-02 00:28:47,751:DEBUG::
2022-05-02 00:28:53,828:DEBUG::<Request 'http://127.0.0.1:5003/add_purchases' [POST]>
2022-05-02 00:31:13,964:DEBUG::<Request 'http://127.0.0.1:5003/add_purchases' [POST]>
2022-05-02 00:32:00,481:DEBUG::
2022-05-02 00:32:00,482:DEBUG::====================================================================================================
2022-05-02 00:32:00,482:INFO::App Backend :: Logging Active
2022-05-02 00:32:00,483:DEBUG::
2022-05-02 00:32:06,873:DEBUG::<Request 'http://127.0.0.1:5003/add_purchases' [POST]>
2022-05-02 00:32:33,763:DEBUG::
2022-05-02 00:32:33,763:DEBUG::====================================================================================================
2022-05-02 00:32:33,764:INFO::App Backend :: Logging Active
2022-05-02 00:32:33,764:DEBUG::
2022-05-02 00:33:06,372:DEBUG::
2022-05-02 00:33:06,373:DEBUG::====================================================================================================
2022-05-02 00:33:06,374:INFO::App Backend :: Logging Active
2022-05-02 00:33:06,374:DEBUG::
2022-05-02 00:35:05,231:DEBUG::
2022-05-02 00:35:05,231:DEBUG::====================================================================================================
2022-05-02 00:35:05,232:INFO::App Backend :: Logging Active
2022-05-02 00:35:05,232:DEBUG::
2022-05-02 00:41:37,694:DEBUG::
2022-05-02 00:41:37,695:DEBUG::====================================================================================================
2022-05-02 00:41:37,695:INFO::App Backend :: Logging Active
2022-05-02 00:41:37,695:DEBUG::
2022-05-02 00:41:47,159:DEBUG::
2022-05-02 00:41:47,160:DEBUG::====================================================================================================
2022-05-02 00:41:47,160:INFO::App Backend :: Logging Active
2022-05-02 00:41:47,161:DEBUG::
2022-05-02 00:43:02,520:DEBUG::
2022-05-02 00:43:02,520:DEBUG::====================================================================================================
2022-05-02 00:43:02,521:INFO::App Backend :: Logging Active
2022-05-02 00:43:02,521:DEBUG::
2022-05-02 00:43:07,080:DEBUG::
2022-05-02 00:43:07,080:DEBUG::====================================================================================================
2022-05-02 00:43:07,081:INFO::App Backend :: Logging Active
2022-05-02 00:43:07,081:DEBUG::
2022-05-02 00:43:15,270:DEBUG::
2022-05-02 00:43:15,271:DEBUG::====================================================================================================
2022-05-02 00:43:15,271:INFO::App Backend :: Logging Active
2022-05-02 00:43:15,272:DEBUG::
2022-05-02 00:45:46,715:DEBUG::
2022-05-02 00:45:46,715:DEBUG::====================================================================================================
2022-05-02 00:45:46,715:INFO::App Backend :: Logging Active
2022-05-02 00:45:46,716:DEBUG::
2022-05-02 00:48:20,778:DEBUG::
2022-05-02 00:48:20,778:DEBUG::====================================================================================================
2022-05-02 00:48:20,778:INFO::App Backend :: Logging Active
2022-05-02 00:48:20,779:DEBUG::
2022-05-02 00:49:40,462:DEBUG::
2022-05-02 00:49:40,463:DEBUG::====================================================================================================
2022-05-02 00:49:40,463:INFO::App Backend :: Logging Active
2022-05-02 00:49:40,463:DEBUG::
2022-05-02 00:50:48,640:DEBUG::
2022-05-02 00:50:48,640:DEBUG::====================================================================================================
2022-05-02 00:50:48,640:INFO::App Backend :: Logging Active
2022-05-02 00:50:48,641:DEBUG::
2022-05-02 00:53:54,915:DEBUG::
2022-05-02 00:53:54,916:DEBUG::====================================================================================================
2022-05-02 00:53:54,917:INFO::App Backend :: Logging Active
2022-05-02 00:53:54,917:DEBUG::
2022-05-02 00:55:45,413:DEBUG::
2022-05-02 00:55:45,414:DEBUG::====================================================================================================
2022-05-02 00:55:45,414:INFO::App Backend :: Logging Active
2022-05-02 00:55:45,414:DEBUG::
2022-05-02 00:57:11,065:DEBUG::
2022-05-02 00:57:11,065:DEBUG::====================================================================================================
2022-05-02 00:57:11,066:INFO::App Backend :: Logging Active
2022-05-02 00:57:11,066:DEBUG::
2022-05-02 00:57:37,440:DEBUG::
2022-05-02 00:57:37,440:DEBUG::====================================================================================================
2022-05-02 00:57:37,441:INFO::App Backend :: Logging Active
2022-05-02 00:57:37,441:DEBUG::
2022-05-02 01:16:17,409:DEBUG::
2022-05-02 01:16:17,409:DEBUG::====================================================================================================
2022-05-02 01:16:17,410:INFO::App Backend :: Logging Active
2022-05-02 01:16:17,410:DEBUG::
2022-05-02 01:27:57,834:DEBUG::
2022-05-02 01:27:57,834:DEBUG::====================================================================================================
2022-05-02 01:27:57,834:INFO::App Backend :: Logging Active
2022-05-02 01:27:57,835:DEBUG::
2022-05-02 01:29:34,091:DEBUG::
2022-05-02 01:29:34,092:DEBUG::====================================================================================================
2022-05-02 01:29:34,092:INFO::App Backend :: Logging Active
2022-05-02 01:29:34,092:DEBUG::
