2022-04-08 13:37:38,686:DEBUG::
2022-04-08 13:37:38,686:DEBUG::====================================================================================================
2022-04-08 13:37:38,687:INFO::MODEL SERVING Section :: Logging Active
2022-04-08 13:37:38,687:DEBUG::
2022-04-08 13:37:38,689:DEBUG::Model Path: .\Tensorflow Model/Real_vs_Fake
2022-04-08 13:44:31,339:DEBUG::
2022-04-08 13:44:31,340:DEBUG::====================================================================================================
2022-04-08 13:44:31,340:INFO::MODEL SERVING Section :: Logging Active
2022-04-08 13:44:31,340:DEBUG::
2022-04-08 13:44:31,343:DEBUG::Model Path: .\Tensorflow Model/Real_vs_Fake
2022-04-18 16:48:10,064:DEBUG::
2022-04-18 16:48:10,064:DEBUG::====================================================================================================
2022-04-18 16:48:10,065:INFO::MODEL SERVING Section :: Logging Active
2022-04-18 16:48:10,065:DEBUG::
2022-04-18 16:48:10,066:DEBUG::Model Path: .\Tensorflow Model/None
2022-04-18 16:52:17,789:DEBUG::
2022-04-18 16:52:17,789:DEBUG::====================================================================================================
2022-04-18 16:52:17,790:INFO::MODEL SERVING Section :: Logging Active
2022-04-18 16:52:17,790:DEBUG::
2022-04-18 16:52:17,791:DEBUG::Model Path: .\Tensorflow Model/None
2022-04-18 16:53:14,469:DEBUG::
2022-04-18 16:53:14,470:DEBUG::====================================================================================================
2022-04-18 16:53:14,470:INFO::MODEL SERVING Section :: Logging Active
2022-04-18 16:53:14,471:DEBUG::
2022-04-18 16:53:14,473:DEBUG::Model Path: .\Tensorflow Model/Real_vs_Fake
